<?xml version='1.0' encoding='UTF-8'?>
<testsuite hostname="caoboyang-ASUS-TUF-Gaming-F15-FX507ZM" name="dco.DataCoalescingSpec" tests="2" errors="0" failures="0" skipped="0" time="1.047" timestamp="2026-08-05T19:16:31">
          <properties>
[...]
</properties>
          <testcase classname="dco.DataCoalescingSpec" name="DataCoalescer should merge four contiguous loads and route each returned word" time="0.852">
                      
                    </testcase><testcase classname="dco.DataCoalescingSpec" name="DataCoalescer should merge stores into one line transaction with byte enables" time="0.195">
                      
                    </testcase>
          <system-out></system-out>
          <system-err></system-err>
        </testsuite>